[DEBUG][20-05-18][org.apache.ibatis.logging.LogFactory]Logging initialized using 'class org.apache.ibatis.logging.log4j.Log4jImpl' adapter.
[DEBUG][20-05-18][org.apache.ibatis.logging.LogFactory]Logging initialized using 'class org.apache.ibatis.logging.log4j.Log4jImpl' adapter.
[DEBUG][20-05-18][org.apache.ibatis.datasource.pooled.PooledDataSource]PooledDataSource forcefully closed/removed all connections.
[DEBUG][20-05-18][org.apache.ibatis.datasource.pooled.PooledDataSource]PooledDataSource forcefully closed/removed all connections.
[DEBUG][20-05-18][org.apache.ibatis.datasource.pooled.PooledDataSource]PooledDataSource forcefully closed/removed all connections.
[DEBUG][20-05-18][org.apache.ibatis.datasource.pooled.PooledDataSource]PooledDataSource forcefully closed/removed all connections.
[DEBUG][20-05-18][org.apache.ibatis.transaction.jdbc.JdbcTransaction]Opening JDBC Connection
[DEBUG][20-05-18][org.apache.ibatis.datasource.pooled.PooledDataSource]Created connection 945722724.
[DEBUG][20-05-18][org.apache.ibatis.transaction.jdbc.JdbcTransaction]Setting autocommit to false on JDBC Connection [com.mysql.cj.jdbc.ConnectionImpl@385e9564]
[DEBUG][20-05-18][com.dh.dao.UserMapper.getUserById]==>  Preparing: select * from mybatis.user where id=? 
[DEBUG][20-05-18][com.dh.dao.UserMapper.getUserById]==> Parameters: 1(Integer)
[DEBUG][20-05-18][com.dh.dao.UserMapper.getUserById]<==      Total: 1
[DEBUG][20-05-18][org.apache.ibatis.transaction.jdbc.JdbcTransaction]Resetting autocommit to true on JDBC Connection [com.mysql.cj.jdbc.ConnectionImpl@385e9564]
[DEBUG][20-05-18][org.apache.ibatis.transaction.jdbc.JdbcTransaction]Closing JDBC Connection [com.mysql.cj.jdbc.ConnectionImpl@385e9564]
[DEBUG][20-05-18][org.apache.ibatis.datasource.pooled.PooledDataSource]Returned connection 945722724 to pool.
[INFO][20-05-18][dao.log4jTest]info:进入了testLog4j
[DEBUG][20-05-18][dao.log4jTest]info:进入了testLog4j
[ERROR][20-05-18][dao.log4jTest]error
[DEBUG][20-05-18][org.apache.ibatis.logging.LogFactory]Logging initialized using 'class org.apache.ibatis.logging.log4j.Log4jImpl' adapter.
[DEBUG][20-05-18][org.apache.ibatis.logging.LogFactory]Logging initialized using 'class org.apache.ibatis.logging.log4j.Log4jImpl' adapter.
[DEBUG][20-05-18][org.apache.ibatis.datasource.pooled.PooledDataSource]PooledDataSource forcefully closed/removed all connections.
[DEBUG][20-05-18][org.apache.ibatis.datasource.pooled.PooledDataSource]PooledDataSource forcefully closed/removed all connections.
[DEBUG][20-05-18][org.apache.ibatis.datasource.pooled.PooledDataSource]PooledDataSource forcefully closed/removed all connections.
[DEBUG][20-05-18][org.apache.ibatis.datasource.pooled.PooledDataSource]PooledDataSource forcefully closed/removed all connections.
[DEBUG][20-05-18][org.apache.ibatis.transaction.jdbc.JdbcTransaction]Opening JDBC Connection
[DEBUG][20-05-18][org.apache.ibatis.datasource.pooled.PooledDataSource]Created connection 815320891.
[DEBUG][20-05-18][org.apache.ibatis.transaction.jdbc.JdbcTransaction]Setting autocommit to false on JDBC Connection [com.mysql.cj.jdbc.ConnectionImpl@3098cf3b]
[DEBUG][20-05-18][com.dh.dao.UserMapper.getUserByLimit]==>  Preparing: select * from mybatis.user limit ?,2 
[DEBUG][20-05-18][com.dh.dao.UserMapper.getUserByLimit]==> Parameters: 0(Integer)
[DEBUG][20-05-18][com.dh.dao.UserMapper.getUserByLimit]<==      Total: 2
[DEBUG][20-05-18][org.apache.ibatis.transaction.jdbc.JdbcTransaction]Resetting autocommit to true on JDBC Connection [com.mysql.cj.jdbc.ConnectionImpl@3098cf3b]
[DEBUG][20-05-18][org.apache.ibatis.transaction.jdbc.JdbcTransaction]Closing JDBC Connection [com.mysql.cj.jdbc.ConnectionImpl@3098cf3b]
[DEBUG][20-05-18][org.apache.ibatis.datasource.pooled.PooledDataSource]Returned connection 815320891 to pool.
[DEBUG][20-05-18][org.apache.ibatis.logging.LogFactory]Logging initialized using 'class org.apache.ibatis.logging.log4j.Log4jImpl' adapter.
[DEBUG][20-05-18][org.apache.ibatis.logging.LogFactory]Logging initialized using 'class org.apache.ibatis.logging.log4j.Log4jImpl' adapter.
[DEBUG][20-05-18][org.apache.ibatis.datasource.pooled.PooledDataSource]PooledDataSource forcefully closed/removed all connections.
[DEBUG][20-05-18][org.apache.ibatis.datasource.pooled.PooledDataSource]PooledDataSource forcefully closed/removed all connections.
[DEBUG][20-05-18][org.apache.ibatis.datasource.pooled.PooledDataSource]PooledDataSource forcefully closed/removed all connections.
[DEBUG][20-05-18][org.apache.ibatis.datasource.pooled.PooledDataSource]PooledDataSource forcefully closed/removed all connections.
[DEBUG][20-05-18][org.apache.ibatis.transaction.jdbc.JdbcTransaction]Opening JDBC Connection
[DEBUG][20-05-18][org.apache.ibatis.datasource.pooled.PooledDataSource]Created connection 815320891.
[DEBUG][20-05-18][org.apache.ibatis.transaction.jdbc.JdbcTransaction]Setting autocommit to false on JDBC Connection [com.mysql.cj.jdbc.ConnectionImpl@3098cf3b]
[DEBUG][20-05-18][com.dh.dao.UserMapper.getUserByLimit]==>  Preparing: select * from mybatis.user limit ?,2 
[DEBUG][20-05-18][com.dh.dao.UserMapper.getUserByLimit]==> Parameters: 1(Integer)
[DEBUG][20-05-18][com.dh.dao.UserMapper.getUserByLimit]<==      Total: 2
[DEBUG][20-05-18][org.apache.ibatis.transaction.jdbc.JdbcTransaction]Resetting autocommit to true on JDBC Connection [com.mysql.cj.jdbc.ConnectionImpl@3098cf3b]
[DEBUG][20-05-18][org.apache.ibatis.transaction.jdbc.JdbcTransaction]Closing JDBC Connection [com.mysql.cj.jdbc.ConnectionImpl@3098cf3b]
[DEBUG][20-05-18][org.apache.ibatis.datasource.pooled.PooledDataSource]Returned connection 815320891 to pool.
